1624782546419	geckodriver	INFO	geckodriver 0.19.0
1624782546463	geckodriver	INFO	Listening on 127.0.0.1:53274
1624782547146	mozrunner::runner	INFO	Running command: "D:\\Program Files\\firefox\\firefox.exe" "-marionette" "-profile" "C:\\Users\\Lenovo\\AppData\\Local\\Temp\\rust_mozprofile.CnwdlALNjR88"
1624782548414	addons.xpi	WARN	Error parsing extensions state: [Exception... "Component returned failure code: 0x80520012 (NS_ERROR_FILE_NOT_FOUND) [amIAddonManagerStartup.readStartupData]"  nsresult: "0x80520012 (NS_ERROR_FILE_NOT_FOUND)"  location: "JS frame :: resource://gre/modules/addons/XPIProvider.jsm :: loadExtensionState :: line 1554"  data: no] Stack trace: loadExtensionState()@resource://gre/modules/addons/XPIProvider.jsm:1554 < getInstallState()@resource://gre/modules/addons/XPIProvider.jsm:1589 < checkForChanges()@resource://gre/modules/addons/XPIProvider.jsm:3109 < startup()@resource://gre/modules/addons/XPIProvider.jsm:2188 < callProvider()@resource://gre/modules/AddonManager.jsm:269 < _startProvider()@resource://gre/modules/AddonManager.jsm:739 < startup()@resource://gre/modules/AddonManager.jsm:906 < startup()@resource://gre/modules/AddonManager.jsm:3090 < observe()@jar:file:///D:/Program%20Files/firefox/omni.ja!/components/addonManager.js:65
1624782550446	Marionette	INFO	Enabled via --marionette
1624782558529	Marionette	INFO	Listening on port 53280
1624782558798	Marionette	WARN	TLS certificate errors will be ignored for this session
Unable to read VR Path Registry from C:\Users\Lenovo\AppData\Local\openvr\openvrpaths.vrpath
127.0.0.1:53392
1624782634484	mozrunner::runner	INFO	Running command: "D:\\Program Files\\firefox\\firefox.exe" "-marionette" "-profile" "C:\\Users\\Lenovo\\AppData\\Local\\Temp\\rust_mozprofile.2qdSkizS9PGm"
1624782635794	addons.xpi	WARN	Error parsing extensions state: [Exception... "Component returned failure code: 0x80520012 (NS_ERROR_FILE_NOT_FOUND) [amIAddonManagerStartup.readStartupData]"  nsresult: "0x80520012 (NS_ERROR_FILE_NOT_FOUND)"  location: "JS frame :: resource://gre/modules/addons/XPIProvider.jsm :: loadExtensionState :: line 1554"  data: no] Stack trace: loadExtensionState()@resource://gre/modules/addons/XPIProvider.jsm:1554 < getInstallState()@resource://gre/modules/addons/XPIProvider.jsm:1589 < checkForChanges()@resource://gre/modules/addons/XPIProvider.jsm:3109 < startup()@resource://gre/modules/addons/XPIProvider.jsm:2188 < callProvider()@resource://gre/modules/AddonManager.jsm:269 < _startProvider()@resource://gre/modules/AddonManager.jsm:739 < startup()@resource://gre/modules/AddonManager.jsm:906 < startup()@resource://gre/modules/AddonManager.jsm:3090 < observe()@jar:file:///D:/Program%20Files/firefox/omni.ja!/components/addonManager.js:65
1624782637854	Marionette	INFO	Enabled via --marionette
1624782646836	Marionette	INFO	Listening on port 53398
1624782647042	Marionette	WARN	TLS certificate errors will be ignored for this session
console.error: 
  Message: Error: Connection closed before committing the transaction.
  Stack:
    executeTransaction/promise</transactionPromise<@resource://gre/modules/Sqlite.jsm:622:19
observe@resource://gre/modules/AsyncShutdown.jsm:534:9

Unable to read VR Path Registry from C:\Users\Lenovo\AppData\Local\openvr\openvrpaths.vrpath
g extensions state: [Exception... "Component returned failure code: 0x80520012 (NS_ERROR_FILE_NOT_FOUND) [amIAddonManagerStartup.readStartupData]"  nsresult: "0x80520012 (NS_ERROR_FILE_NOT_FOUND)"  location: "JS frame :: resource://gre/modules/addons/XPIProvider.jsm :: loadExtensionState :: line 1554"  data: no] Stack trace: loadExtensionState()@resource://gre/modules/addons/XPIProvider.jsm:1554 < getInstallState()@resource://gre/modules/addons/XPIProvider.jsm:1589 < checkForChanges()@resource://gre/modules/addons/XPIProvider.jsm:3109 < startup()@resource://gre/modules/addons/XPIProvider.jsm:2188 < callProvider()@resource://gre/modules/AddonManager.jsm:269 < _startProvider()@resource://gre/modules/AddonManager.jsm:739 < startup()@resource://gre/modules/AddonManager.jsm:906 < startup()@resource://gre/modules/AddonManager.jsm:3090 < observe()@jar:file:///D:/Program%20Files/firefox/omni.ja!/components/addonManager.js:65
1624782692880	Marionette	INFO	Enabled via --marionette
1624782700480	Marionette	INFO	Listening on port 21296
1624782700705	Marionette	WARN	TLS certificate errors will be ignored for this session
console.error: 
  Message: Error: Connection closed before committing the transaction.
  Stack:
    executeTransaction/promise</transactionPromise<@resource://gre/modules/Sqlite.jsm:622:19
observe@resource://gre/modules/AsyncShutdown.jsm:534:9

*** UTM:SVC TimerManager:registerTimer called after profile-before-change notification. Ignoring timer registration for id: telemetry_modules_ping
Unable to read VR Path Registry from C:\Users\Lenovo\AppData\Local\openvr\openvrpaths.vrpath
nsresult: "0x80520012 (NS_ERROR_FILE_NOT_FOUND)"  location: "JS frame :: resource://gre/modules/addons/XPIProvider.jsm :: loadExtensionState :: line 1554"  data: no] Stack trace: loadExtensionState()@resource://gre/modules/addons/XPIProvider.jsm:1554 < getInstallState()@resource://gre/modules/addons/XPIProvider.jsm:1589 < checkForChanges()@resource://gre/modules/addons/XPIProvider.jsm:3109 < startup()@resource://gre/modules/addons/XPIProvider.jsm:2188 < callProvider()@resource://gre/modules/AddonManager.jsm:269 < _startProvider()@resource://gre/modules/AddonManager.jsm:739 < startup()@resource://gre/modules/AddonManager.jsm:906 < startup()@resource://gre/modules/AddonManager.jsm:3090 < observe()@jar:file:///D:/Program%20Files/firefox/omni.ja!/components/addonManager.js:65
1624782744231	Marionette	INFO	Enabled via --marionette
1624782755809	Marionette	INFO	Listening on port 12302
1624782755976	Marionette	WARN	TLS certificate errors will be ignored for this session
[GFX1-]: Unrecognized feature WEBRENDER
Unable to read VR Path Registry from C:\Users\Lenovo\AppData\Local\openvr\openvrpaths.vrpath
runner	INFO	Running command: "D:\\Program Files\\firefox\\firefox.exe" "-marionette" "-profile" "C:\\Users\\Lenovo\\AppData\\Local\\Temp\\rust_mozprofile.6cFeXf10dJxK"
1624782771325	addons.xpi	WARN	Error parsing extensions state: [Exception... "Component returned failure code: 0x80520012 (NS_ERROR_FILE_NOT_FOUND) [amIAddonManagerStartup.readStartupData]"  nsresult: "0x80520012 (NS_ERROR_FILE_NOT_FOUND)"  location: "JS frame :: resource://gre/modules/addons/XPIProvider.jsm :: loadExtensionState :: line 1554"  data: no] Stack trace: loadExtensionState()@resource://gre/modules/addons/XPIProvider.jsm:1554 < getInstallState()@resource://gre/modules/addons/XPIProvider.jsm:1589 < checkForChanges()@resource://gre/modules/addons/XPIProvider.jsm:3109 < startup()@resource://gre/modules/addons/XPIProvider.jsm:2188 < callProvider()@resource://gre/modules/AddonManager.jsm:269 < _startProvider()@resource://gre/modules/AddonManager.jsm:739 < startup()@resource://gre/modules/AddonManager.jsm:906 < startup()@resource://gre/modules/AddonManager.jsm:3090 < observe()@jar:file:///D:/Program%20Files/firefox/omni.ja!/components/addonManager.js:65
1624782773619	Marionette	INFO	Enabled via --marionette
1624782781271	Marionette	INFO	Listening on port 27441
1624782781740	Marionette	WARN	TLS certificate errors will be ignored for this session
*** UTM:SVC TimerManager:registerTimer called after profile-before-change notification. Ignoring timer registration for id: telemetry_modules_ping
Unable to read VR Path Registry from C:\Users\Lenovo\AppData\Local\openvr\openvrpaths.vrpath
